<?xml version="1.0" encoding="UTF-8"?>
<!-- Generated by org.testng.reporters.JUnitReportReporter -->
<testsuite hostname="PVGN50910014A" name="com.secyield.service.TestPersonService" tests="1" failures="0" timestamp="30 Aug 2016 02:39:04 GMT" time="0.094" errors="0">
  <testcase name="testIsOver18" time="0.094" classname="com.secyield.service.TestPersonService"/>
</testsuite> <!-- com.secyield.service.TestPersonService -->
